2024-01-05T18:05:11.415+0800	[33mWARN[0m	cc
2024-01-05T18:05:11.415+0800	[34mINFO[0m	Hellow
2024-01-05T18:05:11.415+0800	[34mINFO[0m	Still working?
2024-01-05T18:05:11.416+0800	[34mINFO[0m	Hello from goroutine!
2024-01-05T18:05:11.416+0800	[34mINFO[0m	Hello from HPServer!
2024-01-05T18:05:11.416+0800	[34mINFO[0m	0
2024-01-05T18:05:12.417+0800	[34mINFO[0m	1
2024-01-05T18:05:13.418+0800	[34mINFO[0m	2
2024-01-05T18:05:14.419+0800	[34mINFO[0m	3
2024-01-05T18:05:15.419+0800	[34mINFO[0m	4
2024-01-05T18:05:16.420+0800	[34mINFO[0m	5
2024-01-05T18:05:17.421+0800	[34mINFO[0m	6
2024-01-05T18:05:18.422+0800	[34mINFO[0m	7
2024-01-05T18:05:19.422+0800	[34mINFO[0m	8
2024-01-05T18:05:20.423+0800	[34mINFO[0m	9
2024-01-05T18:05:21.423+0800	[34mINFO[0m	10
2024-01-05T18:05:22.424+0800	[34mINFO[0m	11
2024-01-05T18:05:23.424+0800	[34mINFO[0m	12
2024-01-05T18:05:24.424+0800	[34mINFO[0m	13
2024-01-05T18:05:25.425+0800	[34mINFO[0m	14
2024-01-05T18:05:26.425+0800	[34mINFO[0m	15
2024-01-05T18:05:27.426+0800	[34mINFO[0m	16
2024-01-05T18:05:28.427+0800	[34mINFO[0m	17
2024-01-05T18:05:29.427+0800	[34mINFO[0m	18
2024-01-05T18:05:30.428+0800	[34mINFO[0m	19
2024-01-05T18:05:31.428+0800	[34mINFO[0m	20
2024-01-05T18:05:32.429+0800	[34mINFO[0m	21
2024-01-05T18:05:33.429+0800	[34mINFO[0m	22
2024-01-05T18:05:34.429+0800	[34mINFO[0m	23
2024-01-05T18:05:35.430+0800	[34mINFO[0m	24
2024-01-05T18:05:36.430+0800	[34mINFO[0m	25
2024-01-05T18:05:37.431+0800	[34mINFO[0m	26
2024-01-05T18:05:38.431+0800	[34mINFO[0m	27
2024-01-05T18:05:39.432+0800	[34mINFO[0m	28
2024-01-05T18:05:40.432+0800	[34mINFO[0m	29
2024-01-05T18:05:41.432+0800	[34mINFO[0m	30
2024-01-05T18:05:42.433+0800	[34mINFO[0m	31
2024-01-05T18:05:43.433+0800	[34mINFO[0m	32
2024-01-05T18:05:44.434+0800	[34mINFO[0m	33
2024-01-05T18:05:45.435+0800	[34mINFO[0m	34
2024-01-05T18:05:46.435+0800	[34mINFO[0m	35
2024-01-05T18:05:47.436+0800	[34mINFO[0m	36
2024-01-05T18:05:48.436+0800	[34mINFO[0m	37
2024-01-05T18:05:49.436+0800	[34mINFO[0m	38
2024-01-05T18:05:50.436+0800	[34mINFO[0m	39
2024-01-05T18:05:51.436+0800	[34mINFO[0m	40
2024-01-05T18:05:52.437+0800	[34mINFO[0m	41
2024-01-05T18:05:53.438+0800	[34mINFO[0m	42
2024-01-05T18:05:54.439+0800	[34mINFO[0m	43
2024-01-05T18:05:55.440+0800	[34mINFO[0m	44
2024-01-05T18:05:56.440+0800	[34mINFO[0m	45
2024-01-05T18:05:57.441+0800	[34mINFO[0m	46
2024-01-05T18:05:58.441+0800	[34mINFO[0m	47
2024-01-05T18:05:59.441+0800	[34mINFO[0m	48
2024-01-05T18:06:00.442+0800	[34mINFO[0m	49
2024-01-05T18:06:01.442+0800	[34mINFO[0m	50
2024-01-05T18:06:02.442+0800	[34mINFO[0m	51
2024-01-05T18:06:03.442+0800	[34mINFO[0m	52
2024-01-05T18:06:04.443+0800	[34mINFO[0m	53
2024-01-05T18:06:05.443+0800	[34mINFO[0m	54
2024-01-05T18:06:06.444+0800	[34mINFO[0m	55
2024-01-05T18:06:07.444+0800	[34mINFO[0m	56
2024-01-05T18:06:08.444+0800	[34mINFO[0m	57
2024-01-05T18:06:09.444+0800	[34mINFO[0m	58
2024-01-05T18:06:10.446+0800	[34mINFO[0m	59
2024-01-05T18:06:11.447+0800	[34mINFO[0m	60
2024-01-05T18:06:12.447+0800	[34mINFO[0m	61
2024-01-05T18:06:13.448+0800	[34mINFO[0m	62
2024-01-05T18:06:14.449+0800	[34mINFO[0m	63
2024-01-05T18:06:15.449+0800	[34mINFO[0m	64
2024-01-05T18:06:16.450+0800	[34mINFO[0m	65
2024-01-05T18:06:17.450+0800	[34mINFO[0m	66
2024-01-05T18:06:18.451+0800	[34mINFO[0m	67
2024-01-05T18:06:19.452+0800	[34mINFO[0m	68
2024-01-05T18:06:20.452+0800	[34mINFO[0m	69
2024-01-05T18:06:21.453+0800	[34mINFO[0m	70
2024-01-05T18:06:22.453+0800	[34mINFO[0m	71
2024-01-05T18:06:23.454+0800	[34mINFO[0m	72
2024-01-05T18:06:24.454+0800	[34mINFO[0m	73
2024-01-05T18:06:25.454+0800	[34mINFO[0m	74
2024-01-05T18:06:26.455+0800	[34mINFO[0m	75
2024-01-05T18:06:27.455+0800	[34mINFO[0m	76
2024-01-05T18:06:28.456+0800	[34mINFO[0m	77
2024-01-05T18:06:29.457+0800	[34mINFO[0m	78
2024-01-05T18:06:30.457+0800	[34mINFO[0m	79
2024-01-05T18:06:31.458+0800	[34mINFO[0m	80
2024-01-05T18:06:32.459+0800	[34mINFO[0m	81
2024-01-05T18:06:33.460+0800	[34mINFO[0m	82
2024-01-05T18:06:34.461+0800	[34mINFO[0m	83
2024-01-05T18:06:35.463+0800	[34mINFO[0m	84
2024-01-05T18:06:36.463+0800	[34mINFO[0m	85
2024-01-05T18:06:37.464+0800	[34mINFO[0m	86
2024-01-05T18:06:38.464+0800	[34mINFO[0m	87
2024-01-05T18:06:39.464+0800	[34mINFO[0m	88
2024-01-05T18:06:40.464+0800	[34mINFO[0m	89
2024-01-05T18:06:41.464+0800	[34mINFO[0m	90
2024-01-05T18:06:42.465+0800	[34mINFO[0m	91
2024-01-05T18:06:43.465+0800	[34mINFO[0m	92
2024-01-05T18:06:44.466+0800	[34mINFO[0m	93
2024-01-05T18:06:45.466+0800	[34mINFO[0m	94
2024-01-05T18:06:46.467+0800	[34mINFO[0m	95
2024-01-05T18:06:47.469+0800	[34mINFO[0m	96
2024-01-05T18:06:48.469+0800	[34mINFO[0m	97
2024-01-05T18:06:49.470+0800	[34mINFO[0m	98
2024-01-05T18:06:50.470+0800	[34mINFO[0m	99
2024-01-05T18:06:51.471+0800	[34mINFO[0m	100
2024-01-05T18:06:52.471+0800	[34mINFO[0m	101
2024-01-05T18:06:53.471+0800	[34mINFO[0m	102
2024-01-05T18:06:54.471+0800	[34mINFO[0m	103
2024-01-05T18:06:55.471+0800	[34mINFO[0m	104
2024-01-05T18:06:56.473+0800	[34mINFO[0m	105
2024-01-05T18:06:57.474+0800	[34mINFO[0m	106
2024-01-05T18:06:58.475+0800	[34mINFO[0m	107
2024-01-05T18:06:59.475+0800	[34mINFO[0m	108
2024-01-05T18:07:00.476+0800	[34mINFO[0m	109
2024-01-05T18:07:01.477+0800	[34mINFO[0m	110
2024-01-05T18:07:02.478+0800	[34mINFO[0m	111
2024-01-05T18:07:03.479+0800	[34mINFO[0m	112
2024-01-05T18:07:04.480+0800	[34mINFO[0m	113
2024-01-05T18:07:05.480+0800	[34mINFO[0m	114
2024-01-05T18:07:06.481+0800	[34mINFO[0m	115
2024-01-05T18:07:07.481+0800	[34mINFO[0m	116
2024-01-05T18:07:08.482+0800	[34mINFO[0m	117
2024-01-05T18:07:09.482+0800	[34mINFO[0m	118
2024-01-05T18:07:10.483+0800	[34mINFO[0m	119
2024-01-05T18:07:11.484+0800	[34mINFO[0m	120
2024-01-05T18:07:12.485+0800	[34mINFO[0m	121
2024-01-05T18:07:13.485+0800	[34mINFO[0m	122
2024-01-05T18:07:14.485+0800	[34mINFO[0m	123
2024-01-05T18:07:15.486+0800	[34mINFO[0m	124
2024-01-05T18:07:16.486+0800	[34mINFO[0m	125
2024-01-05T18:07:17.486+0800	[34mINFO[0m	126
2024-01-05T18:07:18.487+0800	[34mINFO[0m	127
2024-01-05T18:07:19.487+0800	[34mINFO[0m	128
2024-01-05T18:07:20.488+0800	[34mINFO[0m	129
2024-01-05T18:07:21.489+0800	[34mINFO[0m	130
2024-01-05T18:07:22.490+0800	[34mINFO[0m	131
2024-01-05T18:07:23.491+0800	[34mINFO[0m	132
2024-01-05T18:07:24.492+0800	[34mINFO[0m	133
2024-01-05T18:07:25.492+0800	[34mINFO[0m	134
2024-01-05T18:07:26.493+0800	[34mINFO[0m	135
2024-01-05T18:07:27.493+0800	[34mINFO[0m	136
2024-01-05T18:07:28.494+0800	[34mINFO[0m	137
2024-01-05T18:07:29.494+0800	[34mINFO[0m	138
2024-01-05T18:08:20.648+0800	[33mWARN[0m	cc
2024-01-05T18:08:20.648+0800	[34mINFO[0m	Hellow
2024-01-05T18:08:20.649+0800	[34mINFO[0m	Still working?
2024-01-05T18:08:20.649+0800	[34mINFO[0m	Hello from goroutine!
2024-01-05T18:08:20.649+0800	[34mINFO[0m	Hello from HPServer!
2024-01-05T18:08:20.649+0800	[34mINFO[0m	0
2024-01-05T18:08:21.650+0800	[34mINFO[0m	1
2024-01-05T18:08:22.650+0800	[34mINFO[0m	2
2024-01-05T18:08:23.650+0800	[34mINFO[0m	3
2024-01-06T01:10:12.433+0800	[33mWARN[0m	tui/logging.go:20	cc
2024-01-06T01:10:12.433+0800	[34mINFO[0m	tui/ui.go:34	Hellow
2024-01-06T01:10:12.433+0800	[34mINFO[0m	HolePunch-UDPTunnel/main.go:31	Still working?
2024-01-08T04:24:11.379+0800	[33mWARN[0m	tui/logging.go:20	cc
2024-01-08T04:24:11.379+0800	[34mINFO[0m	tui/ui.go:36	Hellow
2024-01-08T04:24:11.379+0800	[34mINFO[0m	HolePunch-UDPTunnel/main.go:31	Still working?
2024-01-08T04:24:35.874+0800	[33mWARN[0m	tui/logging.go:20	cc
2024-01-08T04:24:35.874+0800	[34mINFO[0m	tui/ui.go:36	Hellow
2024-01-08T04:24:35.874+0800	[34mINFO[0m	HolePunch-UDPTunnel/main.go:31	Still working?
2024-01-08T04:27:02.379+0800	[33mWARN[0m	tui/logging.go:20	cc
2024-01-08T04:27:02.379+0800	[34mINFO[0m	tui/ui.go:36	Hellow
2024-01-08T04:27:02.379+0800	[34mINFO[0m	HolePunch-UDPTunnel/main.go:31	Still working?
2024-01-08T04:31:37.463+0800	[33mWARN[0m	tui/logging.go:21	cc
2024-01-08T04:31:37.463+0800	[34mINFO[0m	tui/ui.go:36	Hellow
2024-01-08T04:31:37.463+0800	[34mINFO[0m	HolePunch-UDPTunnel/main.go:31	Still working?
2024-01-08T04:31:43.191+0800	[34mINFO[0m	tui/ui.go:45	Lori Clicked
2024-01-08T04:31:43.671+0800	[34mINFO[0m	tui/ui.go:45	Lori Clicked
2024-01-08T04:31:44.047+0800	[34mINFO[0m	tui/ui.go:45	Lori Clicked
2024-01-08T04:31:44.523+0800	[34mINFO[0m	tui/ui.go:45	Lori Clicked
2024-01-08T04:31:45.943+0800	[34mINFO[0m	tui/ui.go:45	Lori Clicked
2024-01-08T04:31:51.460+0800	[34mINFO[0m	tui/ui.go:45	Lori Clicked
2024-01-08T04:31:51.864+0800	[34mINFO[0m	tui/ui.go:45	Lori Clicked
2024-01-08T04:31:52.179+0800	[34mINFO[0m	tui/ui.go:45	Lori Clicked
2024-01-08T04:31:52.439+0800	[34mINFO[0m	tui/ui.go:45	Lori Clicked
2024-01-08T04:31:52.691+0800	[34mINFO[0m	tui/ui.go:45	Lori Clicked
2024-01-08T04:31:53.171+0800	[34mINFO[0m	tui/ui.go:45	Lori Clicked
2024-01-08T04:31:53.884+0800	[34mINFO[0m	tui/ui.go:45	Lori Clicked
2024-01-08T04:31:54.316+0800	[34mINFO[0m	tui/ui.go:45	Lori Clicked
2024-01-08T04:31:54.580+0800	[34mINFO[0m	tui/ui.go:45	Lori Clicked
2024-01-08T04:31:54.812+0800	[34mINFO[0m	tui/ui.go:45	Lori Clicked
2024-01-08T04:31:55.376+0800	[34mINFO[0m	tui/ui.go:45	Lori Clicked
2024-01-08T04:31:55.711+0800	[34mINFO[0m	tui/ui.go:45	Lori Clicked
2024-01-08T04:31:55.996+0800	[34mINFO[0m	tui/ui.go:45	Lori Clicked
2024-01-08T04:31:56.212+0800	[34mINFO[0m	tui/ui.go:45	Lori Clicked
2024-01-08T04:31:56.380+0800	[34mINFO[0m	tui/ui.go:45	Lori Clicked
2024-01-08T04:31:56.899+0800	[34mINFO[0m	tui/ui.go:45	Lori Clicked
2024-01-08T04:31:57.399+0800	[34mINFO[0m	tui/ui.go:45	Lori Clicked
2024-01-08T04:31:57.827+0800	[34mINFO[0m	tui/ui.go:45	Lori Clicked
2024-01-08T04:31:58.048+0800	[34mINFO[0m	tui/ui.go:45	Lori Clicked
2024-01-08T04:31:58.304+0800	[34mINFO[0m	tui/ui.go:45	Lori Clicked
2024-01-08T04:31:58.912+0800	[34mINFO[0m	tui/ui.go:45	Lori Clicked
2024-01-08T04:31:59.248+0800	[34mINFO[0m	tui/ui.go:45	Lori Clicked
2024-01-08T04:31:59.527+0800	[34mINFO[0m	tui/ui.go:45	Lori Clicked
2024-01-08T04:32:00.016+0800	[34mINFO[0m	tui/ui.go:45	Lori Clicked
2024-01-08T04:32:00.240+0800	[34mINFO[0m	tui/ui.go:45	Lori Clicked
2024-01-08T04:32:02.299+0800	[34mINFO[0m	tui/ui.go:45	Lori Clicked
2024-01-08T04:32:03.268+0800	[34mINFO[0m	tui/ui.go:45	Lori Clicked
2024-01-08T04:32:03.735+0800	[34mINFO[0m	tui/ui.go:45	Lori Clicked
2024-01-08T04:32:04.019+0800	[34mINFO[0m	tui/ui.go:45	Lori Clicked
2024-01-08T04:32:04.283+0800	[34mINFO[0m	tui/ui.go:45	Lori Clicked
2024-01-08T04:32:04.560+0800	[34mINFO[0m	tui/ui.go:45	Lori Clicked
2024-01-08T04:32:04.855+0800	[34mINFO[0m	tui/ui.go:45	Lori Clicked
2024-01-08T04:32:05.136+0800	[34mINFO[0m	tui/ui.go:45	Lori Clicked
2024-01-08T04:32:05.372+0800	[34mINFO[0m	tui/ui.go:45	Lori Clicked
2024-01-08T04:39:44.814+0800	[34mINFO[0m	tui/ui.go:45	Lori Clicked
2024-01-08T04:39:46.246+0800	[34mINFO[0m	tui/ui.go:45	Lori Clicked
2024-01-08T04:39:46.617+0800	[34mINFO[0m	tui/ui.go:45	Lori Clicked
2024-01-08T04:39:46.793+0800	[34mINFO[0m	tui/ui.go:45	Lori Clicked
2024-01-08T04:39:46.966+0800	[34mINFO[0m	tui/ui.go:45	Lori Clicked
2024-01-08T04:39:48.622+0800	[34mINFO[0m	tui/ui.go:45	Lori Clicked
2024-01-08T04:39:48.798+0800	[34mINFO[0m	tui/ui.go:45	Lori Clicked
2024-01-08T04:39:48.983+0800	[34mINFO[0m	tui/ui.go:45	Lori Clicked
2024-01-08T04:39:49.342+0800	[34mINFO[0m	tui/ui.go:45	Lori Clicked
2024-01-08T04:39:49.530+0800	[34mINFO[0m	tui/ui.go:45	Lori Clicked
2024-01-08T04:39:49.698+0800	[34mINFO[0m	tui/ui.go:45	Lori Clicked
2024-01-08T04:39:50.082+0800	[34mINFO[0m	tui/ui.go:45	Lori Clicked
2024-01-08T04:39:50.274+0800	[34mINFO[0m	tui/ui.go:45	Lori Clicked
2024-01-08T04:39:50.494+0800	[34mINFO[0m	tui/ui.go:45	Lori Clicked
2024-01-08T04:41:55.707+0800	[33mWARN[0m	tui/logging.go:21	cc
2024-01-08T04:41:55.707+0800	[34mINFO[0m	tui/ui.go:36	Hellow
2024-01-08T04:41:55.707+0800	[34mINFO[0m	HolePunch-UDPTunnel/main.go:26	Setup complete, initialising TUI.
2024-01-08T04:43:11.355+0800	[34mINFO[0m	HolePunch-UDPTunnel/main.go:26	Setup complete, initialising TUI.
2024-01-08T04:44:24.840+0800	[34mINFO[0m	HolePunch-UDPTunnel/main.go:26	Setup complete, initialising TUI.
2024-01-08T04:46:27.816+0800	[34mINFO[0m	HolePunch-UDPTunnel/main.go:28	Hole Punch UDP Tunnel V1.0
2024-01-08T04:54:39.361+0800	[34mINFO[0m	HolePunch-UDPTunnel/main.go:28	Hole Punch UDP Tunnel V1.0
2024-01-08T04:55:19.115+0800	[34mINFO[0m	HolePunch-UDPTunnel/main.go:28	Hole Punch UDP Tunnel V1.0
2024-01-08T04:55:37.017+0800	[34mINFO[0m	HolePunch-UDPTunnel/main.go:28	Hole Punch UDP Tunnel V1.0
2024-01-08T04:59:18.677+0800	[34mINFO[0m	HolePunch-UDPTunnel/main.go:28	Hole Punch UDP Tunnel V1.0
2024-01-08T04:59:42.126+0800	[34mINFO[0m	HolePunch-UDPTunnel/main.go:28	Hole Punch UDP Tunnel V1.0
2024-01-08T04:59:51.351+0800	[34mINFO[0m	HolePunch-UDPTunnel/main.go:28	Hole Punch UDP Tunnel V1.0
2024-01-08T05:00:00.157+0800	[34mINFO[0m	HolePunch-UDPTunnel/main.go:28	Hole Punch UDP Tunnel V1.0
2024-01-08T05:01:04.598+0800	[34mINFO[0m	HolePunch-UDPTunnel/main.go:28	Hole Punch UDP Tunnel V1.0
2024-01-08T05:02:42.627+0800	[34mINFO[0m	HolePunch-UDPTunnel/main.go:28	Hole Punch UDP Tunnel V1.0
2024-01-08T05:03:16.350+0800	[34mINFO[0m	HolePunch-UDPTunnel/main.go:28	Hole Punch UDP Tunnel V1.0
2024-01-08T05:04:41.406+0800	[34mINFO[0m	tui/ui.go:42	Lori Clicked
2024-01-08T05:04:41.846+0800	[34mINFO[0m	tui/ui.go:42	Lori Clicked
2024-01-08T05:04:42.022+0800	[34mINFO[0m	tui/ui.go:42	Lori Clicked
2024-01-08T05:04:46.578+0800	[34mINFO[0m	tui/ui.go:42	Lori Clicked
2024-01-08T05:04:46.762+0800	[34mINFO[0m	tui/ui.go:42	Lori Clicked
2024-01-08T05:10:53.628+0800	[34mINFO[0m	HolePunch-UDPTunnel/main.go:28	Hole Punch UDP Tunnel V1.0
2024-01-08T05:11:12.309+0800	[34mINFO[0m	tui/ui.go:42	Lori Clicked
2024-01-08T05:11:14.716+0800	[34mINFO[0m	tui/ui.go:42	Lori Clicked
2024-01-08T05:11:43.629+0800	[34mINFO[0m	HolePunch-UDPTunnel/main.go:28	Hole Punch UDP Tunnel V1.0
2024-01-08T05:13:18.642+0800	[34mINFO[0m	tui/ui.go:42	Lori Clicked
2024-01-08T05:13:19.689+0800	[34mINFO[0m	tui/ui.go:42	Lori Clicked
2024-01-08T05:13:19.961+0800	[34mINFO[0m	tui/ui.go:42	Lori Clicked
2024-01-08T05:13:20.105+0800	[34mINFO[0m	tui/ui.go:42	Lori Clicked
2024-01-08T05:13:20.245+0800	[34mINFO[0m	tui/ui.go:42	Lori Clicked
2024-01-08T05:13:20.385+0800	[34mINFO[0m	tui/ui.go:42	Lori Clicked
2024-01-08T05:13:20.509+0800	[34mINFO[0m	tui/ui.go:42	Lori Clicked
2024-01-08T05:13:20.653+0800	[34mINFO[0m	tui/ui.go:42	Lori Clicked
2024-01-08T05:13:20.785+0800	[34mINFO[0m	tui/ui.go:42	Lori Clicked
2024-01-08T05:13:20.933+0800	[34mINFO[0m	tui/ui.go:42	Lori Clicked
2024-01-08T05:13:21.073+0800	[34mINFO[0m	tui/ui.go:42	Lori Clicked
2024-01-08T05:13:21.217+0800	[34mINFO[0m	tui/ui.go:42	Lori Clicked
2024-01-08T05:13:21.373+0800	[34mINFO[0m	tui/ui.go:42	Lori Clicked
2024-01-08T05:13:21.521+0800	[34mINFO[0m	tui/ui.go:42	Lori Clicked
2024-01-08T05:13:21.669+0800	[34mINFO[0m	tui/ui.go:42	Lori Clicked
2024-01-08T05:13:21.821+0800	[34mINFO[0m	tui/ui.go:42	Lori Clicked
2024-01-08T05:13:21.977+0800	[34mINFO[0m	tui/ui.go:42	Lori Clicked
2024-01-08T05:13:22.141+0800	[34mINFO[0m	tui/ui.go:42	Lori Clicked
2024-01-08T05:13:22.293+0800	[34mINFO[0m	tui/ui.go:42	Lori Clicked
2024-01-08T05:13:22.449+0800	[34mINFO[0m	tui/ui.go:42	Lori Clicked
2024-01-08T05:13:41.899+0800	[34mINFO[0m	HolePunch-UDPTunnel/main.go:28	Hole Punch UDP Tunnel V1.0
2024-01-08T05:13:44.026+0800	[34mINFO[0m	tui/ui.go:42	Lori Clicked
2024-01-08T05:13:44.213+0800	[34mINFO[0m	tui/ui.go:42	Lori Clicked
2024-01-08T05:13:44.373+0800	[34mINFO[0m	tui/ui.go:42	Lori Clicked
2024-01-08T05:13:44.525+0800	[34mINFO[0m	tui/ui.go:42	Lori Clicked
2024-01-08T05:13:44.681+0800	[34mINFO[0m	tui/ui.go:42	Lori Clicked
2024-01-08T05:13:44.833+0800	[34mINFO[0m	tui/ui.go:42	Lori Clicked
2024-01-08T05:13:44.985+0800	[34mINFO[0m	tui/ui.go:42	Lori Clicked
2024-01-08T05:13:45.153+0800	[34mINFO[0m	tui/ui.go:42	Lori Clicked
2024-01-08T05:13:45.521+0800	[34mINFO[0m	tui/ui.go:42	Lori Clicked
2024-01-08T05:13:46.245+0800	[34mINFO[0m	tui/ui.go:42	Lori Clicked
2024-01-08T05:13:53.164+0800	[34mINFO[0m	HolePunch-UDPTunnel/main.go:28	Hole Punch UDP Tunnel V1.0
2024-01-08T05:13:54.813+0800	[34mINFO[0m	tui/ui.go:42	Lori Clicked
2024-01-08T05:13:55.005+0800	[34mINFO[0m	tui/ui.go:42	Lori Clicked
2024-01-08T05:13:55.165+0800	[34mINFO[0m	tui/ui.go:42	Lori Clicked
2024-01-08T05:13:55.325+0800	[34mINFO[0m	tui/ui.go:42	Lori Clicked
2024-01-08T05:13:55.457+0800	[34mINFO[0m	tui/ui.go:42	Lori Clicked
2024-01-08T05:13:55.605+0800	[34mINFO[0m	tui/ui.go:42	Lori Clicked
2024-01-08T05:13:55.745+0800	[34mINFO[0m	tui/ui.go:42	Lori Clicked
2024-01-08T05:13:55.885+0800	[34mINFO[0m	tui/ui.go:42	Lori Clicked
2024-01-08T05:13:56.042+0800	[34mINFO[0m	tui/ui.go:42	Lori Clicked
2024-01-08T05:14:11.803+0800	[34mINFO[0m	HolePunch-UDPTunnel/main.go:28	Hole Punch UDP Tunnel V1.0
2024-01-08T05:14:14.566+0800	[34mINFO[0m	tui/ui.go:42	Lori Clicked
2024-01-08T05:14:14.730+0800	[34mINFO[0m	tui/ui.go:42	Lori Clicked
2024-01-08T05:14:14.850+0800	[34mINFO[0m	tui/ui.go:42	Lori Clicked
2024-01-08T05:14:14.994+0800	[34mINFO[0m	tui/ui.go:42	Lori Clicked
2024-01-08T05:14:15.130+0800	[34mINFO[0m	tui/ui.go:42	Lori Clicked
2024-01-08T05:14:15.265+0800	[34mINFO[0m	tui/ui.go:42	Lori Clicked
2024-01-08T05:14:15.401+0800	[34mINFO[0m	tui/ui.go:42	Lori Clicked
2024-01-08T05:14:15.545+0800	[34mINFO[0m	tui/ui.go:42	Lori Clicked
2024-01-08T05:14:15.686+0800	[34mINFO[0m	tui/ui.go:42	Lori Clicked
2024-01-08T05:14:15.814+0800	[34mINFO[0m	tui/ui.go:42	Lori Clicked
2024-01-08T05:14:15.966+0800	[34mINFO[0m	tui/ui.go:42	Lori Clicked
2024-01-08T05:14:16.105+0800	[34mINFO[0m	tui/ui.go:42	Lori Clicked
2024-01-08T05:14:16.242+0800	[34mINFO[0m	tui/ui.go:42	Lori Clicked
2024-01-08T05:14:16.390+0800	[34mINFO[0m	tui/ui.go:42	Lori Clicked
2024-01-08T05:14:16.689+0800	[34mINFO[0m	tui/ui.go:42	Lori Clicked
2024-01-08T05:14:16.886+0800	[34mINFO[0m	tui/ui.go:42	Lori Clicked
2024-01-08T05:14:17.178+0800	[34mINFO[0m	tui/ui.go:42	Lori Clicked
2024-01-08T05:14:17.365+0800	[34mINFO[0m	tui/ui.go:42	Lori Clicked
2024-01-08T05:14:21.198+0800	[34mINFO[0m	tui/ui.go:42	Lori Clicked
2024-01-08T05:14:21.417+0800	[34mINFO[0m	tui/ui.go:42	Lori Clicked
2024-01-08T05:14:21.678+0800	[34mINFO[0m	tui/ui.go:42	Lori Clicked
2024-01-08T05:15:02.691+0800	[34mINFO[0m	HolePunch-UDPTunnel/main.go:28	Hole Punch UDP Tunnel V1.0
2024-01-08T05:15:05.238+0800	[34mINFO[0m	tui/ui.go:42	Lori Clicked
2024-01-08T05:15:05.594+0800	[34mINFO[0m	tui/ui.go:42	Lori Clicked
2024-01-08T05:15:05.702+0800	[34mINFO[0m	tui/ui.go:42	Lori Clicked
2024-01-08T05:15:05.886+0800	[34mINFO[0m	tui/ui.go:42	Lori Clicked
2024-01-08T05:15:06.038+0800	[34mINFO[0m	tui/ui.go:42	Lori Clicked
2024-01-08T05:15:06.186+0800	[34mINFO[0m	tui/ui.go:42	Lori Clicked
2024-01-08T05:15:06.310+0800	[34mINFO[0m	tui/ui.go:42	Lori Clicked
2024-01-08T05:15:06.614+0800	[34mINFO[0m	tui/ui.go:42	Lori Clicked
2024-01-08T05:15:06.794+0800	[34mINFO[0m	tui/ui.go:42	Lori Clicked
2024-01-08T05:15:06.978+0800	[34mINFO[0m	tui/ui.go:42	Lori Clicked
2024-01-08T05:15:07.178+0800	[34mINFO[0m	tui/ui.go:42	Lori Clicked
2024-01-08T05:15:08.478+0800	[34mINFO[0m	tui/ui.go:42	Lori Clicked
2024-01-08T05:15:08.834+0800	[34mINFO[0m	tui/ui.go:42	Lori Clicked
2024-01-08T05:15:08.990+0800	[34mINFO[0m	tui/ui.go:42	Lori Clicked
2024-01-08T05:15:09.142+0800	[34mINFO[0m	tui/ui.go:42	Lori Clicked
2024-01-08T05:15:10.322+0800	[34mINFO[0m	tui/ui.go:42	Lori Clicked
2024-01-08T05:15:10.502+0800	[34mINFO[0m	tui/ui.go:42	Lori Clicked
2024-01-08T05:15:10.642+0800	[34mINFO[0m	tui/ui.go:42	Lori Clicked
2024-01-08T05:15:11.790+0800	[34mINFO[0m	tui/ui.go:42	Lori Clicked
2024-01-08T05:15:13.033+0800	[34mINFO[0m	tui/ui.go:42	Lori Clicked
2024-01-08T05:15:13.202+0800	[34mINFO[0m	tui/ui.go:42	Lori Clicked
2024-01-08T05:15:13.350+0800	[34mINFO[0m	tui/ui.go:42	Lori Clicked
2024-01-08T05:15:13.630+0800	[34mINFO[0m	tui/ui.go:42	Lori Clicked
2024-01-08T05:15:13.798+0800	[34mINFO[0m	tui/ui.go:42	Lori Clicked
2024-01-08T05:15:14.002+0800	[34mINFO[0m	tui/ui.go:42	Lori Clicked
2024-01-08T05:15:14.442+0800	[34mINFO[0m	tui/ui.go:42	Lori Clicked
2024-01-08T05:15:14.650+0800	[34mINFO[0m	tui/ui.go:42	Lori Clicked
2024-01-08T05:21:44.836+0800	[34mINFO[0m	HolePunch-UDPTunnel/main.go:28	Hole Punch UDP Tunnel V1.0
2024-01-08T05:21:47.672+0800	[34mINFO[0m	tui/ui.go:42	Lori Clicked
2024-01-08T05:21:47.924+0800	[34mINFO[0m	tui/ui.go:42	Lori Clicked
2024-01-08T05:21:48.132+0800	[34mINFO[0m	tui/ui.go:42	Lori Clicked
2024-01-08T05:24:21.241+0800	[34mINFO[0m	tui/ui.go:42	Lori Clicked
2024-01-08T05:24:21.525+0800	[34mINFO[0m	tui/ui.go:42	Lori Clicked
2024-01-08T05:28:39.752+0800	[34mINFO[0m	HolePunch-UDPTunnel/main.go:28	Hole Punch UDP Tunnel V1.0
2024-01-08T05:28:39.752+0800	[34mINFO[0m	natholepunch/server.go:31	Hello from HPServer!
2024-01-08T05:30:11.384+0800	[34mINFO[0m	HolePunch-UDPTunnel/main.go:28	Hole Punch UDP Tunnel V1.0
2024-01-08T05:30:11.385+0800	[34mINFO[0m	natholepunch/server.go:31	Hello from HPServer!
2024-01-08T05:31:36.274+0800	[34mINFO[0m	HolePunch-UDPTunnel/main.go:28	Hole Punch UDP Tunnel V1.0
2024-01-08T05:31:36.274+0800	[34mINFO[0m	natholepunch/server.go:31	Hello from HPServer!
2024-01-08T05:31:57.214+0800	[34mINFO[0m	HolePunch-UDPTunnel/main.go:28	Hole Punch UDP Tunnel V1.0
2024-01-08T05:31:57.215+0800	[34mINFO[0m	natholepunch/server.go:31	Hello from HPServer!
2024-01-08T05:32:36.151+0800	[34mINFO[0m	HolePunch-UDPTunnel/main.go:28	Hole Punch UDP Tunnel V1.0
2024-01-08T05:32:36.151+0800	[34mINFO[0m	natholepunch/server.go:31	Hello from HPServer!
2024-01-08T05:34:05.901+0800	[34mINFO[0m	HolePunch-UDPTunnel/main.go:28	Hole Punch UDP Tunnel V1.0
2024-01-08T05:34:05.901+0800	[34mINFO[0m	natholepunch/server.go:31	Hello from HPServer!
2024-01-08T05:34:16.675+0800	[34mINFO[0m	HolePunch-UDPTunnel/main.go:28	Hole Punch UDP Tunnel V1.0
2024-01-08T05:34:16.675+0800	[34mINFO[0m	natholepunch/server.go:31	Hello from HPServer!
2024-01-08T05:34:24.871+0800	[34mINFO[0m	HolePunch-UDPTunnel/main.go:28	Hole Punch UDP Tunnel V1.0
2024-01-08T05:34:24.872+0800	[34mINFO[0m	natholepunch/server.go:31	Hello from HPServer!
2024-01-08T05:35:23.214+0800	[34mINFO[0m	HolePunch-UDPTunnel/main.go:28	Hole Punch UDP Tunnel V1.0
2024-01-08T05:35:23.214+0800	[34mINFO[0m	natholepunch/server.go:31	Hello from HPServer!
2024-01-08T05:35:41.252+0800	[34mINFO[0m	HolePunch-UDPTunnel/main.go:28	Hole Punch UDP Tunnel V1.0
2024-01-08T05:35:41.253+0800	[34mINFO[0m	natholepunch/server.go:31	Hello from HPServer!
2024-01-08T05:41:23.851+0800	[34mINFO[0m	HolePunch-UDPTunnel/main.go:28	Hole Punch UDP Tunnel V1.0
2024-01-08T05:41:23.851+0800	[34mINFO[0m	natholepunch/server.go:31	Hello from HPServer!
2024-01-08T05:41:28.674+0800	[34mINFO[0m	HolePunch-UDPTunnel/main.go:28	Hole Punch UDP Tunnel V1.0
2024-01-08T05:41:28.674+0800	[34mINFO[0m	natholepunch/server.go:31	Hello from HPServer!
2024-01-08T05:41:41.932+0800	[34mINFO[0m	HolePunch-UDPTunnel/main.go:28	Hole Punch UDP Tunnel V1.0
2024-01-08T05:41:41.932+0800	[34mINFO[0m	natholepunch/server.go:31	Hello from HPServer!
2024-01-08T05:43:25.594+0800	[34mINFO[0m	HolePunch-UDPTunnel/main.go:28	Hole Punch UDP Tunnel V1.0
2024-01-08T05:43:25.594+0800	[34mINFO[0m	natholepunch/server.go:31	Hello from HPServer!
2024-01-08T05:50:18.895+0800	[34mINFO[0m	HolePunch-UDPTunnel/main.go:28	Hole Punch UDP Tunnel V1.0
2024-01-08T05:50:18.896+0800	[34mINFO[0m	natholepunch/server.go:31	Hello from HPServer!
2024-01-08T05:50:21.866+0800	[34mINFO[0m	HolePunch-UDPTunnel/main.go:28	Hole Punch UDP Tunnel V1.0
2024-01-08T05:50:21.866+0800	[34mINFO[0m	natholepunch/server.go:31	Hello from HPServer!
2024-01-08T05:50:40.490+0800	[34mINFO[0m	HolePunch-UDPTunnel/main.go:28	Hole Punch UDP Tunnel V1.0
2024-01-08T05:50:40.491+0800	[34mINFO[0m	natholepunch/server.go:31	Hello from HPServer!
2024-01-08T05:55:19.746+0800	[34mINFO[0m	HolePunch-UDPTunnel/main.go:28	Hole Punch UDP Tunnel V1.0
2024-01-08T05:55:19.746+0800	[34mINFO[0m	natholepunch/server.go:31	Hello from HPServer!
2024-01-08T05:55:39.135+0800	[34mINFO[0m	HolePunch-UDPTunnel/main.go:28	Hole Punch UDP Tunnel V1.0
2024-01-08T05:55:39.136+0800	[34mINFO[0m	natholepunch/server.go:31	Hello from HPServer!
2024-01-08T05:55:45.336+0800	[34mINFO[0m	HolePunch-UDPTunnel/main.go:28	Hole Punch UDP Tunnel V1.0
2024-01-08T05:55:45.337+0800	[34mINFO[0m	natholepunch/server.go:31	Hello from HPServer!
2024-01-08T05:56:30.099+0800	[34mINFO[0m	HolePunch-UDPTunnel/main.go:28	Hole Punch UDP Tunnel V1.0
2024-01-08T05:56:30.099+0800	[34mINFO[0m	natholepunch/server.go:31	Hello from HPServer!
2024-01-08T05:56:37.087+0800	[34mINFO[0m	HolePunch-UDPTunnel/main.go:28	Hole Punch UDP Tunnel V1.0
2024-01-08T05:56:37.087+0800	[34mINFO[0m	natholepunch/server.go:31	Hello from HPServer!
2024-01-08T05:59:17.562+0800	[34mINFO[0m	HolePunch-UDPTunnel/main.go:28	Hole Punch UDP Tunnel V1.0
2024-01-08T05:59:17.562+0800	[34mINFO[0m	natholepunch/server.go:31	Hello from HPServer!
2024-01-08T06:00:03.761+0800	[34mINFO[0m	HolePunch-UDPTunnel/main.go:28	Hole Punch UDP Tunnel V1.0
2024-01-08T06:00:03.762+0800	[34mINFO[0m	natholepunch/server.go:31	Hello from HPServer!
2024-01-08T06:00:10.281+0800	[34mINFO[0m	HolePunch-UDPTunnel/main.go:28	Hole Punch UDP Tunnel V1.0
2024-01-08T06:00:10.282+0800	[34mINFO[0m	natholepunch/server.go:31	Hello from HPServer!
2024-01-08T06:02:37.830+0800	[34mINFO[0m	HolePunch-UDPTunnel/main.go:28	Hole Punch UDP Tunnel V1.0
2024-01-08T06:02:37.831+0800	[34mINFO[0m	natholepunch/server.go:31	Hello from HPServer!
2024-01-08T06:02:54.399+0800	[34mINFO[0m	HolePunch-UDPTunnel/main.go:28	Hole Punch UDP Tunnel V1.0
2024-01-08T06:02:54.399+0800	[34mINFO[0m	natholepunch/server.go:31	Hello from HPServer!
2024-01-08T06:04:30.517+0800	[34mINFO[0m	HolePunch-UDPTunnel/main.go:28	Hole Punch UDP Tunnel V1.0
2024-01-08T06:04:30.517+0800	[34mINFO[0m	natholepunch/server.go:31	Hello from HPServer!
2024-01-08T06:04:39.674+0800	[34mINFO[0m	HolePunch-UDPTunnel/main.go:28	Hole Punch UDP Tunnel V1.0
2024-01-08T06:04:39.675+0800	[34mINFO[0m	natholepunch/server.go:31	Hello from HPServer!
2024-01-08T06:04:44.932+0800	[34mINFO[0m	HolePunch-UDPTunnel/main.go:28	Hole Punch UDP Tunnel V1.0
2024-01-08T06:04:44.932+0800	[34mINFO[0m	natholepunch/server.go:31	Hello from HPServer!
2024-01-08T06:04:48.451+0800	[34mINFO[0m	HolePunch-UDPTunnel/main.go:28	Hole Punch UDP Tunnel V1.0
2024-01-08T06:04:48.452+0800	[34mINFO[0m	natholepunch/server.go:31	Hello from HPServer!
2024-01-08T06:05:03.704+0800	[34mINFO[0m	HolePunch-UDPTunnel/main.go:28	Hole Punch UDP Tunnel V1.0
2024-01-08T06:05:03.704+0800	[34mINFO[0m	natholepunch/server.go:31	Hello from HPServer!
2024-01-08T06:07:19.516+0800	[34mINFO[0m	HolePunch-UDPTunnel/main.go:28	Hole Punch UDP Tunnel V1.0
2024-01-08T06:07:19.516+0800	[34mINFO[0m	natholepunch/server.go:31	Hello from HPServer!
2024-01-08T06:09:15.357+0800	[34mINFO[0m	HolePunch-UDPTunnel/main.go:28	Hole Punch UDP Tunnel V1.0
2024-01-08T06:09:15.357+0800	[34mINFO[0m	natholepunch/server.go:31	Hello from HPServer!
2024-01-08T06:10:39.506+0800	[34mINFO[0m	HolePunch-UDPTunnel/main.go:28	Hole Punch UDP Tunnel V1.0
2024-01-08T06:10:39.506+0800	[34mINFO[0m	natholepunch/server.go:31	Hello from HPServer!
2024-01-08T06:11:26.050+0800	[34mINFO[0m	HolePunch-UDPTunnel/main.go:28	Hole Punch UDP Tunnel V1.0
2024-01-08T06:11:26.051+0800	[34mINFO[0m	natholepunch/server.go:31	Hello from HPServer!
2024-01-08T06:15:27.998+0800	[34mINFO[0m	HolePunch-UDPTunnel/main.go:28	Hole Punch UDP Tunnel V1.0
2024-01-08T06:15:27.999+0800	[34mINFO[0m	natholepunch/server.go:31	Hello from HPServer!
2024-01-08T06:15:38.073+0800	[34mINFO[0m	HolePunch-UDPTunnel/main.go:28	Hole Punch UDP Tunnel V1.0
2024-01-08T06:15:38.073+0800	[34mINFO[0m	natholepunch/server.go:31	Hello from HPServer!
2024-01-08T06:15:47.920+0800	[34mINFO[0m	HolePunch-UDPTunnel/main.go:28	Hole Punch UDP Tunnel V1.0
2024-01-08T06:15:47.920+0800	[34mINFO[0m	natholepunch/server.go:31	Hello from HPServer!
2024-01-08T06:15:54.413+0800	[34mINFO[0m	HolePunch-UDPTunnel/main.go:28	Hole Punch UDP Tunnel V1.0
2024-01-08T06:15:54.413+0800	[34mINFO[0m	natholepunch/server.go:31	Hello from HPServer!
2024-01-08T06:18:29.384+0800	[34mINFO[0m	HolePunch-UDPTunnel/main.go:28	Hole Punch UDP Tunnel V1.0
2024-01-08T06:18:29.385+0800	[34mINFO[0m	natholepunch/server.go:31	Hello from HPServer!
2024-01-08T06:20:18.196+0800	[34mINFO[0m	HolePunch-UDPTunnel/main.go:28	Hole Punch UDP Tunnel V1.0
2024-01-08T06:20:18.197+0800	[34mINFO[0m	natholepunch/server.go:31	Hello from HPServer!
2024-01-08T06:20:47.394+0800	[34mINFO[0m	HolePunch-UDPTunnel/main.go:28	Hole Punch UDP Tunnel V1.0
2024-01-08T06:20:47.394+0800	[34mINFO[0m	natholepunch/server.go:31	Hello from HPServer!
2024-01-08T06:22:13.088+0800	[34mINFO[0m	HolePunch-UDPTunnel/main.go:28	Hole Punch UDP Tunnel V1.0
2024-01-08T06:22:13.089+0800	[34mINFO[0m	natholepunch/server.go:31	Hello from HPServer!
2024-01-08T06:23:08.787+0800	[34mINFO[0m	HolePunch-UDPTunnel/main.go:28	Hole Punch UDP Tunnel V1.0
2024-01-08T06:23:08.787+0800	[34mINFO[0m	natholepunch/server.go:31	Hello from HPServer!
2024-01-08T06:30:12.195+0800	[34mINFO[0m	HolePunch-UDPTunnel/main.go:28	Hole Punch UDP Tunnel V1.0
2024-01-08T06:30:12.196+0800	[34mINFO[0m	natholepunch/server.go:31	Hello from HPServer!
2024-01-08T06:41:37.483+0800	[34mINFO[0m	HolePunch-UDPTunnel/main.go:35	Hole Punch UDP Tunnel V1.0
2024-01-08T06:41:37.483+0800	[34mINFO[0m	natholepunch/server.go:31	Hello from HPServer!
2024-01-08T06:41:56.401+0800	[34mINFO[0m	HolePunch-UDPTunnel/main.go:35	Hole Punch UDP Tunnel V1.0
2024-01-08T06:41:56.402+0800	[34mINFO[0m	natholepunch/server.go:31	Hello from HPServer!
2024-01-08T06:42:24.645+0800	[34mINFO[0m	HolePunch-UDPTunnel/main.go:35	Hole Punch UDP Tunnel V1.0
2024-01-08T06:42:24.645+0800	[34mINFO[0m	natholepunch/server.go:31	Hello from HPServer!
2024-01-08T06:45:25.226+0800	[34mINFO[0m	HolePunch-UDPTunnel/main.go:35	Hole Punch UDP Tunnel V1.0
2024-01-08T06:45:25.226+0800	[34mINFO[0m	natholepunch/server.go:26	Info Exchange Server mode
2024-01-08T06:45:25.226+0800	[34mINFO[0m	natholepunch/server.go:27	Running server at 127.0.0.1:10001
2024-01-08T06:45:58.071+0800	[34mINFO[0m	HolePunch-UDPTunnel/main.go:35	Hole Punch UDP Tunnel V1.0
2024-01-08T06:46:58.861+0800	[34mINFO[0m	HolePunch-UDPTunnel/main.go:35	Hole Punch UDP Tunnel V1.0
2024-01-08T06:47:22.166+0800	[34mINFO[0m	HolePunch-UDPTunnel/main.go:35	Hole Punch UDP Tunnel V1.0
2024-01-08T06:48:00.534+0800	[34mINFO[0m	HolePunch-UDPTunnel/main.go:35	Hole Punch UDP Tunnel V1.0
2024-01-08T06:48:46.521+0800	[34mINFO[0m	HolePunch-UDPTunnel/main.go:35	Hole Punch UDP Tunnel V1.0
2024-01-08T06:49:02.101+0800	[34mINFO[0m	HolePunch-UDPTunnel/main.go:35	Hole Punch UDP Tunnel V1.0
2024-01-08T06:49:16.304+0800	[34mINFO[0m	HolePunch-UDPTunnel/main.go:35	Hole Punch UDP Tunnel V1.0
2024-01-08T06:49:38.745+0800	[34mINFO[0m	HolePunch-UDPTunnel/main.go:35	Hole Punch UDP Tunnel V1.0
2024-01-08T06:50:27.657+0800	[34mINFO[0m	HolePunch-UDPTunnel/main.go:35	Hole Punch UDP Tunnel V1.0
2024-01-08T06:51:24.385+0800	[34mINFO[0m	HolePunch-UDPTunnel/main.go:35	Hole Punch UDP Tunnel V1.0
2024-01-08T06:51:45.556+0800	[34mINFO[0m	HolePunch-UDPTunnel/main.go:35	Hole Punch UDP Tunnel V1.0
2024-01-08T06:52:08.048+0800	[34mINFO[0m	HolePunch-UDPTunnel/main.go:35	Hole Punch UDP Tunnel V1.0
2024-01-08T06:52:31.348+0800	[34mINFO[0m	HolePunch-UDPTunnel/main.go:35	Hole Punch UDP Tunnel V1.0
2024-01-08T06:52:51.472+0800	[34mINFO[0m	HolePunch-UDPTunnel/main.go:35	Hole Punch UDP Tunnel V1.0
2024-01-08T06:52:59.388+0800	[34mINFO[0m	HolePunch-UDPTunnel/main.go:35	Hole Punch UDP Tunnel V1.0
2024-01-08T06:53:50.342+0800	[34mINFO[0m	HolePunch-UDPTunnel/main.go:35	Hole Punch UDP Tunnel V1.0
2024-01-08T06:53:50.343+0800	[34mINFO[0m	natholepunch/server.go:26	Info Exchange Server mode
2024-01-08T06:53:50.343+0800	[34mINFO[0m	natholepunch/server.go:27	Running server at 127.0.0.1:10001
2024-01-08T06:54:11.315+0800	[34mINFO[0m	HolePunch-UDPTunnel/main.go:35	Hole Punch UDP Tunnel V1.0
2024-01-08T06:54:36.752+0800	[34mINFO[0m	HolePunch-UDPTunnel/main.go:35	Hole Punch UDP Tunnel V1.0
2024-01-08T06:54:52.777+0800	[34mINFO[0m	HolePunch-UDPTunnel/main.go:35	Hole Punch UDP Tunnel V1.0
2024-01-08T06:55:58.370+0800	[34mINFO[0m	HolePunch-UDPTunnel/main.go:35	Hole Punch UDP Tunnel V1.0
2024-01-08T06:56:01.103+0800	[34mINFO[0m	tui/ui.go:128	Lori Clicked
2024-01-08T06:56:01.675+0800	[34mINFO[0m	tui/ui.go:128	Lori Clicked
2024-01-08T06:56:02.371+0800	[34mINFO[0m	tui/ui.go:128	Lori Clicked
2024-01-08T06:56:06.025+0800	[34mINFO[0m	tui/ui.go:128	Lori Clicked
2024-01-08T07:02:55.799+0800	[34mINFO[0m	HolePunch-UDPTunnel/main.go:37	Hole Punch UDP Tunnel V1.0
2024-01-08T07:02:55.799+0800	[34mINFO[0m	natholepunch/server.go:27	Info Exchange Server mode
2024-01-08T07:02:55.799+0800	[34mINFO[0m	natholepunch/server.go:35	Running server at :10001:10001
2024-01-08T07:03:31.157+0800	[34mINFO[0m	HolePunch-UDPTunnel/main.go:37	Hole Punch UDP Tunnel V1.0
2024-01-08T07:03:31.157+0800	[34mINFO[0m	natholepunch/server.go:27	Info Exchange Server mode
2024-01-08T07:03:31.157+0800	[34mINFO[0m	natholepunch/server.go:35	Running server at <nil>:10001
2024-01-08T07:04:33.392+0800	[34mINFO[0m	HolePunch-UDPTunnel/main.go:37	Hole Punch UDP Tunnel V1.0
2024-01-08T07:04:33.392+0800	[34mINFO[0m	natholepunch/server.go:27	Info Exchange Server mode
2024-01-08T07:04:33.393+0800	[34mINFO[0m	natholepunch/server.go:35	Running server at <nil>:10001
2024-01-08T07:04:33.393+0800	[34mINFO[0m	natholepunch/server.go:36	Running server at 127.0.0.1:10001
2024-01-08T07:06:00.537+0800	[34mINFO[0m	HolePunch-UDPTunnel/main.go:37	Hole Punch UDP Tunnel V1.0
2024-01-08T07:06:00.538+0800	[34mINFO[0m	natholepunch/server.go:27	Info Exchange Server mode
2024-01-08T07:06:00.538+0800	[34mINFO[0m	natholepunch/server.go:36	Running server at 0.0.0.0:10001
2024-01-08T07:08:00.922+0800	[34mINFO[0m	HolePunch-UDPTunnel/main.go:37	Hole Punch UDP Tunnel V1.0
2024-01-08T07:08:00.923+0800	[34mINFO[0m	natholepunch/server.go:27	Info Exchange Server mode
2024-01-08T07:08:00.923+0800	[34mINFO[0m	natholepunch/server.go:45	Running server at 0.0.0.0:10001
2024-01-08T07:08:11.662+0800	[34mINFO[0m	HolePunch-UDPTunnel/main.go:37	Hole Punch UDP Tunnel V1.0
2024-01-08T07:08:11.662+0800	[34mINFO[0m	natholepunch/server.go:27	Info Exchange Server mode
2024-01-08T07:08:11.662+0800	[34mINFO[0m	natholepunch/server.go:45	Running server at udp://0.0.0.0:10001
2024-01-08T07:09:37.238+0800	[34mINFO[0m	HolePunch-UDPTunnel/main.go:37	Hole Punch UDP Tunnel V1.0
2024-01-08T07:09:37.238+0800	[34mINFO[0m	natholepunch/server.go:27	Info Exchange Server mode
2024-01-08T07:09:37.239+0800	[34mINFO[0m	natholepunch/server.go:45	Running server at udp://0.0.0.0:10001
2024-01-08T07:25:44.374+0800	[34mINFO[0m	HolePunch-UDPTunnel/main.go:37	Hole Punch UDP Tunnel V1.0
2024-01-08T07:25:44.374+0800	[34mINFO[0m	natholepunch/server.go:30	Info Exchange Server mode
2024-01-08T07:25:44.375+0800	[34mINFO[0m	natholepunch/server.go:48	Running server at udp://0.0.0.0:10001
2024-01-08T07:27:08.215+0800	[34mINFO[0m	natholepunch/server.go:68	client	{"from": "Alice", "to": "Bob"}
2024-01-08T07:27:08.215+0800	[34mINFO[0m	natholepunch/server.go:76	NewClientAddr: 127.0.0.1:42130
2024-01-08T07:27:11.218+0800	[34mINFO[0m	natholepunch/server.go:68	client	{"from": "Alice", "to": "Bob"}
2024-01-08T07:27:11.218+0800	[34mINFO[0m	natholepunch/server.go:76	NewClientAddr: 127.0.0.1:42130
2024-01-08T07:27:14.218+0800	[34mINFO[0m	natholepunch/server.go:68	client	{"from": "Alice", "to": "Bob"}
2024-01-08T07:27:14.218+0800	[34mINFO[0m	natholepunch/server.go:76	NewClientAddr: 127.0.0.1:42130
2024-01-08T07:27:17.219+0800	[34mINFO[0m	natholepunch/server.go:68	client	{"from": "Alice", "to": "Bob"}
2024-01-08T07:27:17.219+0800	[34mINFO[0m	natholepunch/server.go:76	NewClientAddr: 127.0.0.1:42130
2024-01-08T07:27:20.219+0800	[34mINFO[0m	natholepunch/server.go:68	client	{"from": "Alice", "to": "Bob"}
2024-01-08T07:27:20.219+0800	[34mINFO[0m	natholepunch/server.go:76	NewClientAddr: 127.0.0.1:42130
2024-01-08T07:27:23.221+0800	[34mINFO[0m	natholepunch/server.go:68	client	{"from": "Alice", "to": "Bob"}
2024-01-08T07:27:23.221+0800	[34mINFO[0m	natholepunch/server.go:76	NewClientAddr: 127.0.0.1:42130
2024-01-08T07:27:26.223+0800	[34mINFO[0m	natholepunch/server.go:68	client	{"from": "Alice", "to": "Bob"}
2024-01-08T07:27:26.224+0800	[34mINFO[0m	natholepunch/server.go:76	NewClientAddr: 127.0.0.1:42130
2024-01-08T07:27:29.225+0800	[34mINFO[0m	natholepunch/server.go:68	client	{"from": "Alice", "to": "Bob"}
2024-01-08T07:27:29.225+0800	[34mINFO[0m	natholepunch/server.go:76	NewClientAddr: 127.0.0.1:42130
2024-01-08T07:27:32.228+0800	[34mINFO[0m	natholepunch/server.go:68	client	{"from": "Alice", "to": "Bob"}
2024-01-08T07:27:32.228+0800	[34mINFO[0m	natholepunch/server.go:76	NewClientAddr: 127.0.0.1:42130
2024-01-08T07:27:35.230+0800	[34mINFO[0m	natholepunch/server.go:68	client	{"from": "Alice", "to": "Bob"}
2024-01-08T07:27:35.230+0800	[34mINFO[0m	natholepunch/server.go:76	NewClientAddr: 127.0.0.1:42130
2024-01-08T07:27:38.231+0800	[34mINFO[0m	natholepunch/server.go:68	client	{"from": "Alice", "to": "Bob"}
2024-01-08T07:27:38.232+0800	[34mINFO[0m	natholepunch/server.go:76	NewClientAddr: 127.0.0.1:42130
2024-01-08T07:27:41.234+0800	[34mINFO[0m	natholepunch/server.go:68	client	{"from": "Alice", "to": "Bob"}
2024-01-08T07:27:41.234+0800	[34mINFO[0m	natholepunch/server.go:76	NewClientAddr: 127.0.0.1:42130
2024-01-08T07:27:44.236+0800	[34mINFO[0m	natholepunch/server.go:68	client	{"from": "Alice", "to": "Bob"}
2024-01-08T07:27:44.236+0800	[34mINFO[0m	natholepunch/server.go:76	NewClientAddr: 127.0.0.1:42130
2024-01-08T07:27:47.237+0800	[34mINFO[0m	natholepunch/server.go:68	client	{"from": "Alice", "to": "Bob"}
2024-01-08T07:27:47.237+0800	[34mINFO[0m	natholepunch/server.go:76	NewClientAddr: 127.0.0.1:42130
2024-01-08T07:27:50.237+0800	[34mINFO[0m	natholepunch/server.go:68	client	{"from": "Alice", "to": "Bob"}
2024-01-08T07:27:50.238+0800	[34mINFO[0m	natholepunch/server.go:76	NewClientAddr: 127.0.0.1:42130
2024-01-08T07:27:53.240+0800	[34mINFO[0m	natholepunch/server.go:68	client	{"from": "Alice", "to": "Bob"}
2024-01-08T07:27:53.240+0800	[34mINFO[0m	natholepunch/server.go:76	NewClientAddr: 127.0.0.1:42130
2024-01-08T07:27:56.242+0800	[34mINFO[0m	natholepunch/server.go:68	client	{"from": "Alice", "to": "Bob"}
2024-01-08T07:27:56.242+0800	[34mINFO[0m	natholepunch/server.go:76	NewClientAddr: 127.0.0.1:42130
2024-01-08T07:27:59.244+0800	[34mINFO[0m	natholepunch/server.go:68	client	{"from": "Alice", "to": "Bob"}
2024-01-08T07:27:59.244+0800	[34mINFO[0m	natholepunch/server.go:76	NewClientAddr: 127.0.0.1:42130
2024-01-08T07:28:02.244+0800	[34mINFO[0m	natholepunch/server.go:68	client	{"from": "Alice", "to": "Bob"}
2024-01-08T07:28:02.245+0800	[34mINFO[0m	natholepunch/server.go:76	NewClientAddr: 127.0.0.1:42130
2024-01-08T07:28:05.247+0800	[34mINFO[0m	natholepunch/server.go:68	client	{"from": "Alice", "to": "Bob"}
2024-01-08T07:28:05.247+0800	[34mINFO[0m	natholepunch/server.go:76	NewClientAddr: 127.0.0.1:42130
2024-01-08T07:30:28.225+0800	[34mINFO[0m	HolePunch-UDPTunnel/main.go:37	Hole Punch UDP Tunnel V1.0
2024-01-08T07:30:28.225+0800	[34mINFO[0m	natholepunch/server.go:30	Info Exchange Server mode
2024-01-08T07:30:28.225+0800	[34mINFO[0m	natholepunch/server.go:48	Running server at udp://0.0.0.0:10001
2024-01-08T07:30:29.900+0800	[34mINFO[0m	natholepunch/server.go:68	client	{"from": "Alice", "to": "Bob"}
2024-01-08T07:30:29.900+0800	[34mINFO[0m	natholepunch/server.go:72	
2024-01-08T07:30:29.900+0800	[34mINFO[0m	natholepunch/server.go:77	NewClientAddr: 127.0.0.1:35734
2024-01-08T07:30:32.902+0800	[34mINFO[0m	natholepunch/server.go:68	client	{"from": "Alice", "to": "Bob"}
2024-01-08T07:30:32.902+0800	[34mINFO[0m	natholepunch/server.go:72	
2024-01-08T07:30:32.902+0800	[34mINFO[0m	natholepunch/server.go:77	NewClientAddr: 127.0.0.1:35734
2024-01-08T07:32:41.219+0800	[34mINFO[0m	HolePunch-UDPTunnel/main.go:37	Hole Punch UDP Tunnel V1.0
2024-01-08T07:32:41.219+0800	[34mINFO[0m	natholepunch/server.go:30	Info Exchange Server mode
2024-01-08T07:32:41.220+0800	[34mINFO[0m	natholepunch/server.go:48	Running server at udp://0.0.0.0:10001
2024-01-08T07:33:17.564+0800	[34mINFO[0m	HolePunch-UDPTunnel/main.go:37	Hole Punch UDP Tunnel V1.0
2024-01-08T07:33:17.564+0800	[34mINFO[0m	natholepunch/server.go:30	Info Exchange Server mode
2024-01-08T07:33:17.565+0800	[34mINFO[0m	natholepunch/server.go:48	Running server at [blue]udp://0.0.0.0:10001[-]
2024-01-08T07:40:51.550+0800	[34mINFO[0m	HolePunch-UDPTunnel/main.go:37	Hole Punch UDP Tunnel V1.0
2024-01-08T07:40:51.551+0800	[34mINFO[0m	natholepunch/server.go:30	Info Exchange Server mode
2024-01-08T07:40:51.551+0800	[34mINFO[0m	natholepunch/server.go:48	Running server at udp://0.0.0.0:10001
2024-01-08T07:40:54.138+0800	[34mINFO[0m	natholepunch/server.go:69	New client: @127.0.0.1:47956
2024-01-08T07:40:54.138+0800	[34mINFO[0m	natholepunch/server.go:79	New client requests hole-punch: Alice -> Bob
2024-01-08T07:40:57.140+0800	[34mINFO[0m	natholepunch/server.go:69	New client: @127.0.0.1:47956
2024-01-08T07:40:57.140+0800	[34mINFO[0m	natholepunch/server.go:79	New client requests hole-punch: Alice -> Bob
2024-01-08T07:41:00.141+0800	[34mINFO[0m	natholepunch/server.go:69	New client: @127.0.0.1:47956
2024-01-08T07:41:00.141+0800	[34mINFO[0m	natholepunch/server.go:79	New client requests hole-punch: Alice -> Bob
2024-01-08T07:41:03.141+0800	[34mINFO[0m	natholepunch/server.go:69	New client: @127.0.0.1:47956
2024-01-08T07:41:03.141+0800	[34mINFO[0m	natholepunch/server.go:79	New client requests hole-punch: Alice -> Bob
2024-01-08T07:41:06.141+0800	[34mINFO[0m	natholepunch/server.go:69	New client: @127.0.0.1:47956
2024-01-08T07:41:06.141+0800	[34mINFO[0m	natholepunch/server.go:79	New client requests hole-punch: Alice -> Bob
2024-01-08T07:41:09.144+0800	[34mINFO[0m	natholepunch/server.go:69	New client: @127.0.0.1:47956
2024-01-08T07:41:09.144+0800	[34mINFO[0m	natholepunch/server.go:79	New client requests hole-punch: Alice -> Bob
2024-01-08T07:41:12.146+0800	[34mINFO[0m	natholepunch/server.go:69	New client: @127.0.0.1:47956
2024-01-08T07:41:12.146+0800	[34mINFO[0m	natholepunch/server.go:79	New client requests hole-punch: Alice -> Bob
2024-01-08T07:41:15.148+0800	[34mINFO[0m	natholepunch/server.go:69	New client: @127.0.0.1:47956
2024-01-08T07:41:15.148+0800	[34mINFO[0m	natholepunch/server.go:79	New client requests hole-punch: Alice -> Bob
2024-01-08T07:41:18.148+0800	[34mINFO[0m	natholepunch/server.go:69	New client: @127.0.0.1:47956
2024-01-08T07:41:18.148+0800	[34mINFO[0m	natholepunch/server.go:79	New client requests hole-punch: Alice -> Bob
2024-01-08T07:41:21.148+0800	[34mINFO[0m	natholepunch/server.go:69	New client: @127.0.0.1:47956
2024-01-08T07:41:21.149+0800	[34mINFO[0m	natholepunch/server.go:79	New client requests hole-punch: Alice -> Bob
2024-01-08T07:41:24.151+0800	[34mINFO[0m	natholepunch/server.go:69	New client: @127.0.0.1:47956
2024-01-08T07:41:24.151+0800	[34mINFO[0m	natholepunch/server.go:79	New client requests hole-punch: Alice -> Bob
2024-01-08T07:41:27.151+0800	[34mINFO[0m	natholepunch/server.go:69	New client: @127.0.0.1:47956
2024-01-08T07:41:27.152+0800	[34mINFO[0m	natholepunch/server.go:79	New client requests hole-punch: Alice -> Bob
2024-01-08T07:41:30.152+0800	[34mINFO[0m	natholepunch/server.go:69	New client: @127.0.0.1:47956
2024-01-08T07:41:30.152+0800	[34mINFO[0m	natholepunch/server.go:79	New client requests hole-punch: Alice -> Bob
2024-01-08T07:41:33.154+0800	[34mINFO[0m	natholepunch/server.go:69	New client: @127.0.0.1:47956
2024-01-08T07:41:33.154+0800	[34mINFO[0m	natholepunch/server.go:79	New client requests hole-punch: Alice -> Bob
2024-01-08T07:41:36.154+0800	[34mINFO[0m	natholepunch/server.go:69	New client: @127.0.0.1:47956
2024-01-08T07:41:36.154+0800	[34mINFO[0m	natholepunch/server.go:79	New client requests hole-punch: Alice -> Bob
2024-01-08T07:41:39.155+0800	[34mINFO[0m	natholepunch/server.go:69	New client: @127.0.0.1:47956
2024-01-08T07:41:39.155+0800	[34mINFO[0m	natholepunch/server.go:79	New client requests hole-punch: Alice -> Bob
2024-01-08T07:41:42.157+0800	[34mINFO[0m	natholepunch/server.go:69	New client: @127.0.0.1:47956
2024-01-08T07:41:42.157+0800	[34mINFO[0m	natholepunch/server.go:79	New client requests hole-punch: Alice -> Bob
2024-01-08T07:42:11.668+0800	[34mINFO[0m	HolePunch-UDPTunnel/main.go:37	Hole Punch UDP Tunnel V1.0
2024-01-08T07:42:11.668+0800	[34mINFO[0m	natholepunch/server.go:30	Info Exchange Server mode
2024-01-08T07:42:11.669+0800	[34mINFO[0m	natholepunch/server.go:48	Running server at udp://0.0.0.0:10001
2024-01-08T07:42:13.978+0800	[34mINFO[0m	natholepunch/server.go:72	New client: Alice@127.0.0.1:57481
2024-01-08T07:42:13.978+0800	[34mINFO[0m	natholepunch/server.go:80	New client requests hole-punch: Alice -> Bob
2024-01-08T07:42:16.981+0800	[34mINFO[0m	natholepunch/server.go:72	New client: Alice@127.0.0.1:57481
2024-01-08T07:42:16.981+0800	[34mINFO[0m	natholepunch/server.go:80	New client requests hole-punch: Alice -> Bob
2024-01-08T07:42:19.981+0800	[34mINFO[0m	natholepunch/server.go:72	New client: Alice@127.0.0.1:57481
2024-01-08T07:42:19.981+0800	[34mINFO[0m	natholepunch/server.go:80	New client requests hole-punch: Alice -> Bob
2024-01-08T07:42:22.983+0800	[34mINFO[0m	natholepunch/server.go:72	New client: Alice@127.0.0.1:57481
2024-01-08T07:42:22.983+0800	[34mINFO[0m	natholepunch/server.go:80	New client requests hole-punch: Alice -> Bob
2024-01-08T07:42:25.985+0800	[34mINFO[0m	natholepunch/server.go:72	New client: Alice@127.0.0.1:57481
2024-01-08T07:42:25.985+0800	[34mINFO[0m	natholepunch/server.go:80	New client requests hole-punch: Alice -> Bob
2024-01-08T07:42:28.988+0800	[34mINFO[0m	natholepunch/server.go:72	New client: Alice@127.0.0.1:57481
2024-01-08T07:42:28.988+0800	[34mINFO[0m	natholepunch/server.go:80	New client requests hole-punch: Alice -> Bob
2024-01-08T07:42:31.990+0800	[34mINFO[0m	natholepunch/server.go:72	New client: Alice@127.0.0.1:57481
2024-01-08T07:42:31.990+0800	[34mINFO[0m	natholepunch/server.go:80	New client requests hole-punch: Alice -> Bob
2024-01-08T07:43:34.995+0800	[34mINFO[0m	HolePunch-UDPTunnel/main.go:37	Hole Punch UDP Tunnel V1.0
2024-01-08T07:43:34.995+0800	[34mINFO[0m	natholepunch/server.go:30	Info Exchange Server mode
2024-01-08T07:43:34.996+0800	[34mINFO[0m	natholepunch/server.go:48	Running server at udp://0.0.0.0:10001
2024-01-08T07:43:36.711+0800	[34mINFO[0m	natholepunch/server.go:72	New client: Alice@127.0.0.1:48118
2024-01-08T07:43:36.711+0800	[34mINFO[0m	natholepunch/server.go:82	New client is Idle: returning list of online clients.
2024-01-08T07:43:39.713+0800	[34mINFO[0m	natholepunch/server.go:72	New client: Alice@127.0.0.1:48118
2024-01-08T07:43:39.713+0800	[34mINFO[0m	natholepunch/server.go:82	New client is Idle: returning list of online clients.
2024-01-08T07:43:42.716+0800	[34mINFO[0m	natholepunch/server.go:72	New client: Alice@127.0.0.1:48118
2024-01-08T07:43:42.716+0800	[34mINFO[0m	natholepunch/server.go:82	New client is Idle: returning list of online clients.
2024-01-08T07:45:07.298+0800	[34mINFO[0m	natholepunch/server.go:72	New client: Alice@127.0.0.1:40740
2024-01-08T07:45:07.298+0800	[34mINFO[0m	natholepunch/server.go:77	New client requests hole-punch: Alice -> Bob
2024-01-08T07:45:10.300+0800	[34mINFO[0m	natholepunch/server.go:72	New client: Alice@127.0.0.1:40740
2024-01-08T07:45:10.300+0800	[34mINFO[0m	natholepunch/server.go:77	New client requests hole-punch: Alice -> Bob
2024-01-08T07:45:13.302+0800	[34mINFO[0m	natholepunch/server.go:72	New client: Alice@127.0.0.1:40740
2024-01-08T07:45:13.302+0800	[34mINFO[0m	natholepunch/server.go:77	New client requests hole-punch: Alice -> Bob
2024-01-08T07:45:16.304+0800	[34mINFO[0m	natholepunch/server.go:72	New client: Alice@127.0.0.1:40740
2024-01-08T07:45:16.304+0800	[34mINFO[0m	natholepunch/server.go:77	New client requests hole-punch: Alice -> Bob
2024-01-08T07:45:19.305+0800	[34mINFO[0m	natholepunch/server.go:72	New client: Alice@127.0.0.1:40740
2024-01-08T07:45:19.305+0800	[34mINFO[0m	natholepunch/server.go:77	New client requests hole-punch: Alice -> Bob
2024-01-08T07:45:22.307+0800	[34mINFO[0m	natholepunch/server.go:72	New client: Alice@127.0.0.1:40740
2024-01-08T07:45:22.307+0800	[34mINFO[0m	natholepunch/server.go:77	New client requests hole-punch: Alice -> Bob
2024-01-08T07:45:25.308+0800	[34mINFO[0m	natholepunch/server.go:72	New client: Alice@127.0.0.1:40740
2024-01-08T07:45:25.308+0800	[34mINFO[0m	natholepunch/server.go:77	New client requests hole-punch: Alice -> Bob
2024-01-08T07:45:28.310+0800	[34mINFO[0m	natholepunch/server.go:72	New client: Alice@127.0.0.1:40740
2024-01-08T07:45:28.310+0800	[34mINFO[0m	natholepunch/server.go:77	New client requests hole-punch: Alice -> Bob
2024-01-08T07:45:31.312+0800	[34mINFO[0m	natholepunch/server.go:72	New client: Alice@127.0.0.1:40740
2024-01-08T07:45:31.312+0800	[34mINFO[0m	natholepunch/server.go:77	New client requests hole-punch: Alice -> Bob
2024-01-08T07:45:34.314+0800	[34mINFO[0m	natholepunch/server.go:72	New client: Alice@127.0.0.1:40740
2024-01-08T07:45:34.314+0800	[34mINFO[0m	natholepunch/server.go:77	New client requests hole-punch: Alice -> Bob
2024-01-08T07:45:37.315+0800	[34mINFO[0m	natholepunch/server.go:72	New client: Alice@127.0.0.1:40740
2024-01-08T07:45:37.315+0800	[34mINFO[0m	natholepunch/server.go:77	New client requests hole-punch: Alice -> Bob
2024-01-08T07:45:40.317+0800	[34mINFO[0m	natholepunch/server.go:72	New client: Alice@127.0.0.1:40740
2024-01-08T07:45:40.318+0800	[34mINFO[0m	natholepunch/server.go:77	New client requests hole-punch: Alice -> Bob
2024-01-08T07:45:43.319+0800	[34mINFO[0m	natholepunch/server.go:72	New client: Alice@127.0.0.1:40740
2024-01-08T07:45:43.319+0800	[34mINFO[0m	natholepunch/server.go:77	New client requests hole-punch: Alice -> Bob
2024-01-08T07:45:46.321+0800	[34mINFO[0m	natholepunch/server.go:72	New client: Alice@127.0.0.1:40740
2024-01-08T07:45:46.321+0800	[34mINFO[0m	natholepunch/server.go:77	New client requests hole-punch: Alice -> Bob
2024-01-08T07:45:49.323+0800	[34mINFO[0m	natholepunch/server.go:72	New client: Alice@127.0.0.1:40740
2024-01-08T07:45:49.323+0800	[34mINFO[0m	natholepunch/server.go:77	New client requests hole-punch: Alice -> Bob
2024-01-08T07:45:52.326+0800	[34mINFO[0m	natholepunch/server.go:72	New client: Alice@127.0.0.1:40740
2024-01-08T07:45:52.326+0800	[34mINFO[0m	natholepunch/server.go:77	New client requests hole-punch: Alice -> Bob
2024-01-08T07:45:55.328+0800	[34mINFO[0m	natholepunch/server.go:72	New client: Alice@127.0.0.1:40740
2024-01-08T07:45:55.328+0800	[34mINFO[0m	natholepunch/server.go:77	New client requests hole-punch: Alice -> Bob
2024-01-08T07:45:58.330+0800	[34mINFO[0m	natholepunch/server.go:72	New client: Alice@127.0.0.1:40740
2024-01-08T07:45:58.330+0800	[34mINFO[0m	natholepunch/server.go:77	New client requests hole-punch: Alice -> Bob
2024-01-08T07:46:01.331+0800	[34mINFO[0m	natholepunch/server.go:72	New client: Alice@127.0.0.1:40740
2024-01-08T07:46:01.331+0800	[34mINFO[0m	natholepunch/server.go:77	New client requests hole-punch: Alice -> Bob
2024-01-08T07:46:04.333+0800	[34mINFO[0m	natholepunch/server.go:72	New client: Alice@127.0.0.1:40740
2024-01-08T07:46:04.333+0800	[34mINFO[0m	natholepunch/server.go:77	New client requests hole-punch: Alice -> Bob
2024-01-08T07:53:46.687+0800	[34mINFO[0m	HolePunch-UDPTunnel/main.go:37	Hole Punch UDP Tunnel V1.0
2024-01-08T07:53:46.688+0800	[34mINFO[0m	natholepunch/server.go:31	Info Exchange Server mode
2024-01-08T07:53:46.688+0800	[34mINFO[0m	natholepunch/server.go:49	Running server at udp://0.0.0.0:10001
2024-01-08T07:53:49.665+0800	[34mINFO[0m	natholepunch/server.go:73	New client: Alice@127.0.0.1:54355
2024-01-08T07:53:49.665+0800	[34mINFO[0m	natholepunch/server.go:84	New client requests hole-punch: Alice -> Bob
2024-01-08T07:53:52.667+0800	[34mINFO[0m	natholepunch/server.go:73	New client: Alice@127.0.0.1:54355
2024-01-08T07:53:52.667+0800	[34mINFO[0m	natholepunch/server.go:84	New client requests hole-punch: Alice -> Bob
2024-01-08T07:53:55.668+0800	[34mINFO[0m	natholepunch/server.go:73	New client: Alice@127.0.0.1:54355
2024-01-08T07:53:55.668+0800	[34mINFO[0m	natholepunch/server.go:84	New client requests hole-punch: Alice -> Bob
2024-01-08T07:53:58.669+0800	[34mINFO[0m	natholepunch/server.go:73	New client: Alice@127.0.0.1:54355
2024-01-08T07:53:58.669+0800	[34mINFO[0m	natholepunch/server.go:84	New client requests hole-punch: Alice -> Bob
2024-01-08T07:54:01.671+0800	[34mINFO[0m	natholepunch/server.go:73	New client: Alice@127.0.0.1:54355
2024-01-08T07:54:01.672+0800	[34mINFO[0m	natholepunch/server.go:84	New client requests hole-punch: Alice -> Bob
2024-01-08T07:54:04.674+0800	[34mINFO[0m	natholepunch/server.go:73	New client: Alice@127.0.0.1:54355
2024-01-08T07:54:04.674+0800	[34mINFO[0m	natholepunch/server.go:84	New client requests hole-punch: Alice -> Bob
2024-01-08T07:54:07.676+0800	[34mINFO[0m	natholepunch/server.go:73	New client: Alice@127.0.0.1:54355
2024-01-08T07:54:07.676+0800	[34mINFO[0m	natholepunch/server.go:84	New client requests hole-punch: Alice -> Bob
2024-01-08T07:54:10.677+0800	[34mINFO[0m	natholepunch/server.go:73	New client: Alice@127.0.0.1:54355
2024-01-08T07:54:10.677+0800	[34mINFO[0m	natholepunch/server.go:84	New client requests hole-punch: Alice -> Bob
2024-01-08T07:54:13.679+0800	[34mINFO[0m	natholepunch/server.go:73	New client: Alice@127.0.0.1:54355
2024-01-08T07:54:13.680+0800	[34mINFO[0m	natholepunch/server.go:84	New client requests hole-punch: Alice -> Bob
2024-01-08T07:54:16.681+0800	[34mINFO[0m	natholepunch/server.go:73	New client: Alice@127.0.0.1:54355
2024-01-08T07:54:16.681+0800	[34mINFO[0m	natholepunch/server.go:84	New client requests hole-punch: Alice -> Bob
2024-01-08T07:54:19.683+0800	[34mINFO[0m	natholepunch/server.go:73	New client: Alice@127.0.0.1:54355
2024-01-08T07:54:19.683+0800	[34mINFO[0m	natholepunch/server.go:84	New client requests hole-punch: Alice -> Bob
2024-01-08T07:54:22.684+0800	[34mINFO[0m	natholepunch/server.go:73	New client: Alice@127.0.0.1:54355
2024-01-08T07:54:22.684+0800	[34mINFO[0m	natholepunch/server.go:84	New client requests hole-punch: Alice -> Bob
2024-01-08T07:54:25.686+0800	[34mINFO[0m	natholepunch/server.go:73	New client: Alice@127.0.0.1:54355
2024-01-08T07:54:25.686+0800	[34mINFO[0m	natholepunch/server.go:84	New client requests hole-punch: Alice -> Bob
2024-01-08T07:54:28.688+0800	[34mINFO[0m	natholepunch/server.go:73	New client: Alice@127.0.0.1:54355
2024-01-08T07:54:28.688+0800	[34mINFO[0m	natholepunch/server.go:84	New client requests hole-punch: Alice -> Bob
2024-01-08T07:54:31.688+0800	[34mINFO[0m	natholepunch/server.go:73	New client: Alice@127.0.0.1:54355
2024-01-08T07:54:31.688+0800	[34mINFO[0m	natholepunch/server.go:84	New client requests hole-punch: Alice -> Bob
2024-01-08T07:54:34.691+0800	[34mINFO[0m	natholepunch/server.go:73	New client: Alice@127.0.0.1:54355
2024-01-08T07:54:34.691+0800	[34mINFO[0m	natholepunch/server.go:84	New client requests hole-punch: Alice -> Bob
2024-01-08T07:54:37.691+0800	[34mINFO[0m	natholepunch/server.go:73	New client: Alice@127.0.0.1:54355
2024-01-08T07:54:37.691+0800	[34mINFO[0m	natholepunch/server.go:84	New client requests hole-punch: Alice -> Bob
2024-01-08T07:54:40.692+0800	[34mINFO[0m	natholepunch/server.go:73	New client: Alice@127.0.0.1:54355
2024-01-08T07:54:40.692+0800	[34mINFO[0m	natholepunch/server.go:84	New client requests hole-punch: Alice -> Bob
2024-01-08T07:54:43.692+0800	[34mINFO[0m	natholepunch/server.go:73	New client: Alice@127.0.0.1:54355
2024-01-08T07:54:43.692+0800	[34mINFO[0m	natholepunch/server.go:84	New client requests hole-punch: Alice -> Bob
2024-01-08T07:54:46.694+0800	[34mINFO[0m	natholepunch/server.go:73	New client: Alice@127.0.0.1:54355
2024-01-08T07:54:46.695+0800	[34mINFO[0m	natholepunch/server.go:84	New client requests hole-punch: Alice -> Bob
2024-01-08T07:56:31.326+0800	[34mINFO[0m	HolePunch-UDPTunnel/main.go:37	Hole Punch UDP Tunnel V1.0
2024-01-08T07:56:31.327+0800	[34mINFO[0m	natholepunch/server.go:31	Info Exchange Server mode
2024-01-08T07:56:31.327+0800	[34mINFO[0m	natholepunch/server.go:49	Running server at udp://0.0.0.0:10001
2024-01-08T07:56:36.813+0800	[34mINFO[0m	natholepunch/server.go:71	New client: Alice@127.0.0.1:47728
2024-01-08T07:56:36.814+0800	[34mINFO[0m	natholepunch/server.go:82	New client requests hole-punch: Alice -> Bob
2024-01-08T07:56:39.815+0800	[34mINFO[0m	natholepunch/server.go:71	New client: Alice@127.0.0.1:47728
2024-01-08T07:56:39.815+0800	[34mINFO[0m	natholepunch/server.go:82	New client requests hole-punch: Alice -> Bob
2024-01-08T07:56:42.817+0800	[34mINFO[0m	natholepunch/server.go:71	New client: Alice@127.0.0.1:47728
2024-01-08T07:56:42.818+0800	[34mINFO[0m	natholepunch/server.go:82	New client requests hole-punch: Alice -> Bob
2024-01-08T07:56:45.820+0800	[34mINFO[0m	natholepunch/server.go:71	New client: Alice@127.0.0.1:47728
2024-01-08T07:56:45.820+0800	[34mINFO[0m	natholepunch/server.go:82	New client requests hole-punch: Alice -> Bob
2024-01-08T07:56:48.822+0800	[34mINFO[0m	natholepunch/server.go:71	New client: Alice@127.0.0.1:47728
2024-01-08T07:56:48.822+0800	[34mINFO[0m	natholepunch/server.go:82	New client requests hole-punch: Alice -> Bob
2024-01-08T07:56:51.824+0800	[34mINFO[0m	natholepunch/server.go:71	New client: Alice@127.0.0.1:47728
2024-01-08T07:56:51.824+0800	[34mINFO[0m	natholepunch/server.go:82	New client requests hole-punch: Alice -> Bob
2024-01-08T07:56:54.827+0800	[34mINFO[0m	natholepunch/server.go:71	New client: Alice@127.0.0.1:47728
2024-01-08T07:56:54.827+0800	[34mINFO[0m	natholepunch/server.go:82	New client requests hole-punch: Alice -> Bob
2024-01-08T07:56:57.828+0800	[34mINFO[0m	natholepunch/server.go:71	New client: Alice@127.0.0.1:47728
2024-01-08T07:56:57.828+0800	[34mINFO[0m	natholepunch/server.go:82	New client requests hole-punch: Alice -> Bob
2024-01-08T07:57:00.830+0800	[34mINFO[0m	natholepunch/server.go:71	New client: Alice@127.0.0.1:47728
2024-01-08T07:57:00.830+0800	[34mINFO[0m	natholepunch/server.go:82	New client requests hole-punch: Alice -> Bob
2024-01-08T07:57:03.832+0800	[34mINFO[0m	natholepunch/server.go:71	New client: Alice@127.0.0.1:47728
2024-01-08T07:57:03.832+0800	[34mINFO[0m	natholepunch/server.go:82	New client requests hole-punch: Alice -> Bob
2024-01-08T07:57:06.833+0800	[34mINFO[0m	natholepunch/server.go:71	New client: Alice@127.0.0.1:47728
2024-01-08T07:57:06.833+0800	[34mINFO[0m	natholepunch/server.go:82	New client requests hole-punch: Alice -> Bob
2024-01-08T07:57:09.835+0800	[34mINFO[0m	natholepunch/server.go:71	New client: Alice@127.0.0.1:47728
2024-01-08T07:57:09.835+0800	[34mINFO[0m	natholepunch/server.go:82	New client requests hole-punch: Alice -> Bob
2024-01-08T07:57:12.837+0800	[34mINFO[0m	natholepunch/server.go:71	New client: Alice@127.0.0.1:47728
2024-01-08T07:57:12.837+0800	[34mINFO[0m	natholepunch/server.go:82	New client requests hole-punch: Alice -> Bob
2024-01-08T07:57:15.840+0800	[34mINFO[0m	natholepunch/server.go:71	New client: Alice@127.0.0.1:47728
2024-01-08T07:57:15.840+0800	[34mINFO[0m	natholepunch/server.go:82	New client requests hole-punch: Alice -> Bob
2024-01-08T07:57:18.842+0800	[34mINFO[0m	natholepunch/server.go:71	New client: Alice@127.0.0.1:47728
2024-01-08T07:57:18.842+0800	[34mINFO[0m	natholepunch/server.go:82	New client requests hole-punch: Alice -> Bob
2024-01-08T07:57:21.844+0800	[34mINFO[0m	natholepunch/server.go:71	New client: Alice@127.0.0.1:47728
2024-01-08T07:57:21.844+0800	[34mINFO[0m	natholepunch/server.go:82	New client requests hole-punch: Alice -> Bob
2024-01-08T07:57:24.846+0800	[34mINFO[0m	natholepunch/server.go:71	New client: Alice@127.0.0.1:47728
2024-01-08T07:57:24.846+0800	[34mINFO[0m	natholepunch/server.go:82	New client requests hole-punch: Alice -> Bob
2024-01-08T07:57:27.849+0800	[34mINFO[0m	natholepunch/server.go:71	New client: Alice@127.0.0.1:47728
2024-01-08T07:57:27.849+0800	[34mINFO[0m	natholepunch/server.go:82	New client requests hole-punch: Alice -> Bob
2024-01-08T07:57:30.851+0800	[34mINFO[0m	natholepunch/server.go:71	New client: Alice@127.0.0.1:47728
2024-01-08T07:57:30.851+0800	[34mINFO[0m	natholepunch/server.go:82	New client requests hole-punch: Alice -> Bob
2024-01-08T07:57:33.853+0800	[34mINFO[0m	natholepunch/server.go:71	New client: Alice@127.0.0.1:47728
2024-01-08T07:57:33.853+0800	[34mINFO[0m	natholepunch/server.go:82	New client requests hole-punch: Alice -> Bob
